2011-07-20 00:00:00 strategy [INFO] Placing buy market order for 74183.0 shares
2011-07-20 00:00:00 strategy [INFO] Buy order 1 was submitted
2011-07-21 00:00:00 strategy [INFO] Buy order 1 was accepted
2011-07-21 00:00:00 pyalgotrade.broker.backtesting [DEBUG] Not enough USD to buy 74183.0 yhoo [order 1]
2011-07-21 00:00:00 strategy [INFO] Buy order 1 was canceled
2011-07-21 00:00:00 strategy [INFO] Placing buy market order for 73583.0 shares
2011-07-21 00:00:00 strategy [INFO] Buy order 2 was submitted
2011-07-22 00:00:00 strategy [INFO] Buy order 2 was accepted
2011-07-22 00:00:00 pyalgotrade.broker.backtesting [DEBUG] Not enough USD to buy 73583.0 yhoo [order 2]
2011-07-22 00:00:00 strategy [INFO] Buy order 2 was canceled
2011-07-25 00:00:00 strategy [INFO] Placing buy market order for 73046.0 shares
2011-07-25 00:00:00 strategy [INFO] Buy order 3 was submitted
2011-07-26 00:00:00 strategy [INFO] Buy order 3 was accepted
2011-07-26 00:00:00 pyalgotrade.broker.backtesting [DEBUG] Not enough USD to buy 73046.0 yhoo [order 3]
2011-07-26 00:00:00 strategy [INFO] Buy order 3 was canceled
2011-07-27 00:00:00 strategy [INFO] Placing buy market order for 73610.0 shares
2011-07-27 00:00:00 strategy [INFO] Buy order 4 was submitted
2011-07-28 00:00:00 strategy [INFO] Buy order 4 was accepted
2011-07-28 00:00:00 pyalgotrade.broker.backtesting [DEBUG] Not enough USD to buy 73610.0 yhoo [order 4]
2011-07-28 00:00:00 strategy [INFO] Buy order 4 was canceled
2011-07-28 00:00:00 strategy [INFO] Placing buy market order for 74074.0 shares
2011-07-28 00:00:00 strategy [INFO] Buy order 5 was submitted
2011-07-29 00:00:00 strategy [INFO] Buy order 5 was accepted
2011-07-29 00:00:00 pyalgotrade.broker.backtesting [DEBUG] Not enough USD to buy 74074.0 yhoo [order 5]
2011-07-29 00:00:00 strategy [INFO] Buy order 5 was canceled
2011-07-29 00:00:00 strategy [INFO] Placing buy market order for 76335.0 shares
2011-07-29 00:00:00 strategy [INFO] Buy order 6 was submitted
2011-08-01 00:00:00 strategy [INFO] Buy order 6 was accepted
2011-08-01 00:00:00 pyalgotrade.broker.backtesting [DEBUG] Not enough USD to buy 76335.0 yhoo [order 6]
2011-08-01 00:00:00 strategy [INFO] Buy order 6 was canceled
2011-08-01 00:00:00 strategy [INFO] Placing buy market order for 76335.0 shares
2011-08-01 00:00:00 strategy [INFO] Buy order 7 was submitted
2011-08-02 00:00:00 strategy [INFO] Buy order 7 was accepted
2011-08-02 00:00:00 strategy [INFO] Buy order 7 was filled 76335.0 @ 12.96 (fee 0)
2011-09-15 00:00:00 strategy [INFO] Placing sell market order for 76335.0 shares
2011-09-15 00:00:00 strategy [INFO] Sell order 8 was submitted
2011-09-16 00:00:00 strategy [INFO] Sell order 8 was accepted
2011-09-16 00:00:00 strategy [INFO] Sell order 8 was filled 76335.0 @ 15.09 (fee 0)
2012-02-17 00:00:00 strategy [INFO] Placing buy market order for 77454.0 shares
2012-02-17 00:00:00 strategy [INFO] Buy order 9 was submitted
2012-02-21 00:00:00 strategy [INFO] Buy order 9 was accepted
2012-02-21 00:00:00 pyalgotrade.broker.backtesting [DEBUG] Not enough USD to buy 77454.0 yhoo [order 9]
2012-02-21 00:00:00 strategy [INFO] Buy order 9 was canceled
2012-02-21 00:00:00 strategy [INFO] Placing buy market order for 78819.0 shares
2012-02-21 00:00:00 strategy [INFO] Buy order 10 was submitted
2012-02-22 00:00:00 strategy [INFO] Buy order 10 was accepted
2012-02-22 00:00:00 strategy [INFO] Buy order 10 was filled 78819.0 @ 14.68 (fee 0)
2012-06-29 00:00:00 strategy [INFO] Placing sell market order for 78819.0 shares
2012-06-29 00:00:00 strategy [INFO] Sell order 11 was submitted
2012-07-02 00:00:00 strategy [INFO] Sell order 11 was accepted
2012-07-02 00:00:00 strategy [INFO] Sell order 11 was filled 78819.0 @ 15.8 (fee 0)
2012-08-10 00:00:00 strategy [INFO] Placing buy market order for 82565.0 shares
2012-08-10 00:00:00 strategy [INFO] Buy order 12 was submitted
2012-08-13 00:00:00 strategy [INFO] Buy order 12 was accepted
2012-08-13 00:00:00 strategy [INFO] Buy order 12 was filled 82565.0 @ 15.03 (fee 0)
2012-10-23 00:00:00 strategy [INFO] Placing sell market order for 82565.0 shares
2012-10-23 00:00:00 strategy [INFO] Sell order 13 was submitted
2012-10-24 00:00:00 strategy [INFO] Sell order 13 was accepted
2012-10-24 00:00:00 strategy [INFO] Sell order 13 was filled 82565.0 @ 16.78 (fee 0)
Sharpe ratio: 0.71
