Final portfolio value: $1075.38
Cumulative returns: 7.54 %
Sharpe ratio: 0.23
Max. drawdown: 9.95 %
Longest drawdown duration: 193 days

Total trades: 13
Avg. profit: $ 4
Profits std. dev.: $38
Max. profit: $122
Min. profit: $-28
Avg. return:  2 %
Returns std. dev.: 13 %
Max. return: 46 %
Min. return: -7 %

Profitable trades: 3
Avg. profit: $59
Profits std. dev.: $44
Max. profit: $122
Min. profit: $23
Avg. return: 21 %
Returns std. dev.: 18 %
Max. return: 46 %
Min. return:  6 %

Unprofitable trades: 10
Avg. loss: $-13
Losses std. dev.: $ 7
Max. loss: $-28
Min. loss: $-2
Avg. return: -3 %
Returns std. dev.:  2 %
Max. return: -0 %
Min. return: -7 %
