2013-08-25 00:09:15,137 mtgox [INFO] Initializing MtGox client.
2013-08-25 00:09:15,679 mtgox [INFO] Connection opened.
2013-08-25 00:09:15,679 mtgox [INFO] Initialization ok.
2013-08-25 00:09:15,680 twitter [INFO] Initializing Twitter client.
2013-08-25 00:09:16,599 twitter [INFO] Connected.
2013-08-25 00:09:31.480728 Twitter: Profit: $165.84 (10.3%). BUY B15.02 @ $106.97 (#BTCe). SELL @ $119.30 (#MtGox) #bitcoinarbitrage
2013-08-25 00:09:35.153556 Price: 120.17807 Volume: 0.01404198
2013-08-25 00:09:38.507910 Price: 119.30693 Volume: 0.1
2013-08-25 00:09:39.746267 Twitter: I smile and make that btc mad
2013-08-25 00:09:54.934998 Price: 119.30696 Volume: 0.01076
2013-08-25 00:10:04.020095 Twitter: Grease Payments to Miners https://t.co/yFqCM6ASLN #bitcoin
2013-08-25 00:10:06.902383 Twitter: Profit: $95.59 (8.7%). BUY B10.13 @ $108.50 (#CampBX). SELL @ $119.31 (#MtGox) #bitcoinarbitrage
2013-08-25 00:10:13.842662 Twitter: No sex btc i only want the neck btc
2013-08-25 00:10:20.092048 Twitter: Btc ain wan let me win that iphone 5 tho
2013-08-25 00:10:28.564280 Price: 119.30845 Volume: 0.01
2013-08-25 00:10:38.542615 Twitter: Profit: $111.29 (10.3%). BUY B10.13 @ $106.97 (#BTCe). SELL @ $119.31 (#MtGox) #bitcoinarbitrage
2013-08-25 00:10:41.299799 Price: 119.30921 Volume: 0.01
2013-08-25 00:10:46.162057 Twitter: RT @BitcoinASIA: Hash for Money is the only medication to #bitcoin Hash Addiction !
2013-08-25 00:10:45.987947 Price: 119.30921 Volume: 0.01063
2013-08-25 00:10:46.297285 Twitter: RT @BitcoinASIA: Cure yourself of #bitcoin Hash Addiction, its Very Very Dangerous !
2013-08-25 00:10:46.443162 Twitter: RT @bitcoininfo: Grease Payments to Miners https://t.co/yFqCM6ASLN #bitcoin
2013-08-25 00:10:47.486786 Price: 119.30922 Volume: 0.01
.
.
.
